# UTC 02/05/2014
+ Recover old code from https://github.com/invisibleroads/furtherperception [02/05/2014]
+ Investigate new packages related to satellite images [02/05/2014]
+ Investigate http://spectralpython.sourceforge.net/ [02/05/2014]
+ Investigate https://code.google.com/p/pyresample/ [02/05/2014]
+ Investigate https://github.com/adybbroe/pyspectral [02/05/2014]
+ Investigate https://github.com/matplotlib/basemap [02/05/2014]
+ Investigate https://github.com/mraspaud/mpop [02/05/2014]
+ Investigate http://geospatialpython.com/2011/02/clip-raster-using-shapefile.html [02/05/2014]
+ Investigate http://openev.sourceforge.net/index.php [02/05/2014]
+ Investigate http://www.pydap.org/ [02/05/2014]
+ Investigate http://www.pytroll.org/ [02/05/2014]
+ Investigate https://code.google.com/p/image-preprocessing/ [02/05/2014]
+ Investigate https://code.google.com/p/pycoast/ [02/05/2014]
+ Investigate https://code.google.com/p/pydecorate/ [02/05/2014]
+ Investigate https://github.com/loerum/mipp [02/05/2014]
+ Investigate https://github.com/mraspaud/trollcast [02/05/2014]
+ Investigate https://github.com/mraspaud/trollimage [02/05/2014]
+ Investigate https://pypi.python.org/pypi/OWSLib [02/05/2014]
+ Investigate https://code.google.com/p/pyresample/ [02/04/2014]
+ Investigate https://github.com/storpipfugl/pykdtree [02/04/2014]
+ Investigate https://github.com/adybbroe/python-geotiepoints [02/04/2014]
+ Investigate https://github.com/mraspaud/posttroll [02/04/2014]
+ Recommend type of satellite imagery to acquire [01/29/2014]